\BOOKMARK [0][-]{section*.3}{List\040of\040Figures}{}% 1
\BOOKMARK [0][-]{section*.5}{List\040of\040Tables}{}% 2
\BOOKMARK [0][-]{section*.7}{List\040of\040Algorithms}{}% 3
\BOOKMARK [0][-]{section*.9}{List\040of\040Code\040Snippets}{}% 4
\BOOKMARK [0][-]{section*.11}{List\040of\040Acronyms}{}% 5
\BOOKMARK [0][-]{chapter.1}{Ablation\040Study}{}% 6
\BOOKMARK [1][-]{section.1.1}{Evaluation\040Methodology}{chapter.1}% 7
\BOOKMARK [2][-]{subsection.1.1.1}{Iterative\040Optimization\040Process}{section.1.1}% 8
\BOOKMARK [2][-]{subsection.1.1.2}{Sampling\040Methods\040Evaluation}{section.1.1}% 9
\BOOKMARK [2][-]{subsection.1.1.3}{Evaluation\040Metrics}{section.1.1}% 10
\BOOKMARK [2][-]{subsection.1.1.4}{Significance\040of\040the\040Methodology}{section.1.1}% 11
\BOOKMARK [1][-]{section.1.2}{Document\040Selection}{chapter.1}% 12
\BOOKMARK [2][-]{subsection.1.2.1}{Unsupervised\040Methods}{section.1.2}% 13
\BOOKMARK [2][-]{subsection.1.2.2}{Supervised\040Methods}{section.1.2}% 14
\BOOKMARK [2][-]{subsection.1.2.3}{Evaluation\040with\040Large\040Language\040Models}{section.1.2}% 15
\BOOKMARK [1][-]{section.1.3}{Embedding\040Models}{chapter.1}% 16
\BOOKMARK [2][-]{subsection.1.3.1}{Alibaba-NLP/gte-large-en-v1.5}{section.1.3}% 17
\BOOKMARK [2][-]{subsection.1.3.2}{jinaai/jina-embeddings-v3}{section.1.3}% 18
\BOOKMARK [2][-]{subsection.1.3.3}{dunzhang/stella_en_1.5B_v5}{section.1.3}% 19
\BOOKMARK [2][-]{subsection.1.3.4}{Nextcloud-AI/multilingual-e5-large-instruct}{section.1.3}% 20
\BOOKMARK [2][-]{subsection.1.3.5}{BAAI/bge-small-en-v1.5}{section.1.3}% 21
\BOOKMARK [2][-]{subsection.1.3.6}{Comparative\040Analysis}{section.1.3}% 22
\BOOKMARK [1][-]{section.1.4}{Chunking\040Strategies}{chapter.1}% 23
\BOOKMARK [2][-]{subsection.1.4.1}{Parsing\040Documents\040into\040Text\040Chunks\040\(Nodes\)}{section.1.4}% 24
\BOOKMARK [2][-]{subsection.1.4.2}{Smaller\040Child\040Chunks\040Referring\040to\040Bigger\040Parent\040Chunks\040\(Small2Big\)}{section.1.4}% 25
\BOOKMARK [2][-]{subsection.1.4.3}{Sentence\040Window\040Retrieval}{section.1.4}% 26
\BOOKMARK [2][-]{subsection.1.4.4}{Evaluation}{section.1.4}% 27
\BOOKMARK [1][-]{section.1.5}{Similarity\040Cut-off}{chapter.1}% 28
\BOOKMARK [1][-]{section.1.6}{Evaluation}{chapter.1}% 29
\BOOKMARK [1][-]{section.1.7}{Failure\040Analysis}{chapter.1}% 30
\BOOKMARK [0][-]{section*.19}{Appendices}{}% 31
\BOOKMARK [0][-]{appendix.1.A}{Chunking\040Strategies}{}% 32
\BOOKMARK [1][-]{section.1.A.1}{Text\040Splitter\040-\040Chuck\040Size\040512}{appendix.1.A}% 33
\BOOKMARK [1][-]{section.1.A.2}{Small2Big}{appendix.1.A}% 34
\BOOKMARK [1][-]{section.1.A.3}{Sliding\040Window\040-\040Window\040Size\0403}{appendix.1.A}% 35
\BOOKMARK [0][-]{section*.21}{References}{}% 36
\BOOKMARK [0][-]{section*.23}{Acknowledgments}{}% 37
